# JRE version: OpenJDK Runtime Environment (8.0_202-b03) (build 1.8.0_202-release-1483-b03)
# Java VM: OpenJDK 64-Bit Server VM (25.202-b03 mixed mode windows-amd64 compressed oops)
Heap:
 PSYoungGen      total 349696K, used 150304K [0x00000000e0000000, 0x0000000100000000, 0x0000000100000000)
  eden space 175104K, 12% used [0x00000000e0000000,0x00000000e1573998,0x00000000eab00000)
  from space 174592K, 73% used [0x00000000eab00000,0x00000000f2854880,0x00000000f5580000)
  to   space 174592K, 0% used [0x00000000f5580000,0x00000000f5580000,0x0000000100000000)
 ParOldGen       total 420864K, used 294740K [0x00000000a0000000, 0x00000000b9b00000, 0x00000000e0000000)
  object space 420864K, 70% used [0x00000000a0000000,0x00000000b1fd52d0,0x00000000b9b00000)
 Metaspace       used 97101K, capacity 100484K, committed 101848K, reserved 1138688K
  class space    used 12416K, capacity 13165K, committed 13568K, reserved 1048576K
GC Heap History (10 events):
Event: 1369.468 GC heap before
{Heap before GC invocations=31 (full 8):
 PSYoungGen      total 329216K, used 175104K [0x00000000e0000000, 0x0000000100000000, 0x0000000100000000)
  eden space 175104K, 100% used [0x00000000e0000000,0x00000000eab00000,0x00000000eab00000)
  from space 154112K, 0% used [0x00000000f6980000,0x00000000f6980000,0x0000000100000000)
  to   space 174592K, 0% used [0x00000000eab00000,0x00000000eab00000,0x00000000f5580000)
 ParOldGen       total 420864K, used 239653K [0x00000000a0000000, 0x00000000b9b00000, 0x00000000e0000000)
  object space 420864K, 56% used [0x00000000a0000000,0x00000000aea094e0,0x00000000b9b00000)
 Metaspace       used 96731K, capacity 100012K, committed 101592K, reserved 1136640K
  class space    used 12362K, capacity 13127K, committed 13568K, reserved 1048576K
Event: 1369.519 GC heap after
Heap after GC invocations=31 (full 8):
 PSYoungGen      total 349696K, used 95502K [0x00000000e0000000, 0x0000000100000000, 0x0000000100000000)
  eden space 175104K, 0% used [0x00000000e0000000,0x00000000e0000000,0x00000000eab00000)
  from space 174592K, 54% used [0x00000000eab00000,0x00000000f0843940,0x00000000f5580000)
  to   space 174592K, 0% used [0x00000000f5580000,0x00000000f5580000,0x0000000100000000)
 ParOldGen       total 420864K, used 239653K [0x00000000a0000000, 0x00000000b9b00000, 0x00000000e0000000)
  object space 420864K, 56% used [0x00000000a0000000,0x00000000aea094e0,0x00000000b9b00000)
 Metaspace       used 96731K, capacity 100012K, committed 101592K, reserved 1136640K
  class space    used 12362K, capacity 13127K, committed 13568K, reserved 1048576K
}
Event: 1370.140 GC heap before
{Heap before GC invocations=32 (full 9):
 PSYoungGen      total 349696K, used 270606K [0x00000000e0000000, 0x0000000100000000, 0x0000000100000000)
  eden space 175104K, 100% used [0x00000000e0000000,0x00000000eab00000,0x00000000eab00000)
  from space 174592K, 54% used [0x00000000eab00000,0x00000000f0843940,0x00000000f5580000)
  to   space 174592K, 0% used [0x00000000f5580000,0x00000000f5580000,0x0000000100000000)
 ParOldGen       total 420864K, used 405815K [0x00000000a0000000, 0x00000000b9b00000, 0x00000000e0000000)
  object space 420864K, 96% used [0x00000000a0000000,0x00000000b8c4ded0,0x00000000b9b00000)
 Metaspace       used 96760K, capacity 100038K, committed 101592K, reserved 1136640K
  class space    used 12369K, capacity 13134K, committed 13568K, reserved 1048576K
Event: 1370.261 GC heap after
Heap after GC invocations=32 (full 9):
 PSYoungGen      total 349696K, used 0K [0x00000000e0000000, 0x0000000100000000, 0x0000000100000000)
  eden space 175104K, 0% used [0x00000000e0000000,0x00000000e0000000,0x00000000eab00000)
  from space 174592K, 0% used [0x00000000eab00000,0x00000000eab00000,0x00000000f5580000)
  to   space 174592K, 0% used [0x00000000f5580000,0x00000000f5580000,0x0000000100000000)
 ParOldGen       total 420864K, used 296905K [0x00000000a0000000, 0x00000000b9b00000, 0x00000000e0000000)
  object space 420864K, 70% used [0x00000000a0000000,0x00000000b21f2610,0x00000000b9b00000)
 Metaspace       used 96760K, capacity 100038K, committed 101592K, reserved 1136640K
  class space    used 12369K, capacity 13134K, committed 13568K, reserved 1048576K
}
Event: 1370.698 GC heap before
{Heap before GC invocations=33 (full 9):
 PSYoungGen      total 349696K, used 175104K [0x00000000e0000000, 0x0000000100000000, 0x0000000100000000)
  eden space 175104K, 100% used [0x00000000e0000000,0x00000000eab00000,0x00000000eab00000)
  from space 174592K, 0% used [0x00000000eab00000,0x00000000eab00000,0x00000000f5580000)
  to   space 174592K, 0% used [0x00000000f5580000,0x00000000f5580000,0x0000000100000000)
 ParOldGen       total 420864K, used 309199K [0x00000000a0000000, 0x00000000b9b00000, 0x00000000e0000000)
  object space 420864K, 73% used [0x00000000a0000000,0x00000000b2df3fc8,0x00000000b9b00000)
 Metaspace       used 96791K, capacity 100112K, committed 101592K, reserved 1136640K
  class space    used 12373K, capacity 13135K, committed 13568K, reserved 1048576K
Event: 1370.714 GC heap after
Heap after GC invocations=33 (full 9):
 PSYoungGen      total 349696K, used 115123K [0x00000000e0000000, 0x0000000100000000, 0x0000000100000000)
  eden space 175104K, 0% used [0x00000000e0000000,0x00000000e0000000,0x00000000eab00000)
  from space 174592K, 65% used [0x00000000f5580000,0x00000000fc5ece48,0x0000000100000000)
  to   space 174592K, 0% used [0x00000000eab00000,0x00000000eab00000,0x00000000f5580000)
 ParOldGen       total 420864K, used 309199K [0x00000000a0000000, 0x00000000b9b00000, 0x00000000e0000000)
  object space 420864K, 73% used [0x00000000a0000000,0x00000000b2df3fc8,0x00000000b9b00000)
 Metaspace       used 96791K, capacity 100112K, committed 101592K, reserved 1136640K
  class space    used 12373K, capacity 13135K, committed 13568K, reserved 1048576K
}
Event: 1372.873 GC heap before
{Heap before GC invocations=34 (full 10):
 PSYoungGen      total 349696K, used 290227K [0x00000000e0000000, 0x0000000100000000, 0x0000000100000000)
  eden space 175104K, 100% used [0x00000000e0000000,0x00000000eab00000,0x00000000eab00000)
  from space 174592K, 65% used [0x00000000f5580000,0x00000000fc5ece48,0x0000000100000000)
  to   space 174592K, 0% used [0x00000000eab00000,0x00000000eab00000,0x00000000f5580000)
 ParOldGen       total 420864K, used 350513K [0x00000000a0000000, 0x00000000b9b00000, 0x00000000e0000000)
  object space 420864K, 83% used [0x00000000a0000000,0x00000000b564c760,0x00000000b9b00000)
 Metaspace       used 96806K, capacity 100112K, committed 101592K, reserved 1136640K
  class space    used 12373K, capacity 13135K, committed 13568K, reserved 1048576K
Event: 1373.013 GC heap after
Heap after GC invocations=34 (full 10):
 PSYoungGen      total 349696K, used 0K [0x00000000e0000000, 0x0000000100000000, 0x0000000100000000)
  eden space 175104K, 0% used [0x00000000e0000000,0x00000000e0000000,0x00000000eab00000)
  from space 174592K, 0% used [0x00000000f5580000,0x00000000f5580000,0x0000000100000000)
  to   space 174592K, 0% used [0x00000000eab00000,0x00000000eab00000,0x00000000f5580000)
 ParOldGen       total 420864K, used 278345K [0x00000000a0000000, 0x00000000b9b00000, 0x00000000e0000000)
  object space 420864K, 66% used [0x00000000a0000000,0x00000000b0fd2588,0x00000000b9b00000)
 Metaspace       used 96806K, capacity 100112K, committed 101592K, reserved 1136640K
  class space    used 12373K, capacity 13135K, committed 13568K, reserved 1048576K
}
Event: 1375.350 GC heap before
{Heap before GC invocations=35 (full 10):
 PSYoungGen      total 349696K, used 175104K [0x00000000e0000000, 0x0000000100000000, 0x0000000100000000)
  eden space 175104K, 100% used [0x00000000e0000000,0x00000000eab00000,0x00000000eab00000)
  from space 174592K, 0% used [0x00000000f5580000,0x00000000f5580000,0x0000000100000000)
  to   space 174592K, 0% used [0x00000000eab00000,0x00000000eab00000,0x00000000f5580000)
 ParOldGen       total 420864K, used 294732K [0x00000000a0000000, 0x00000000b9b00000, 0x00000000e0000000)
  object space 420864K, 70% used [0x00000000a0000000,0x00000000b1fd32d0,0x00000000b9b00000)
 Metaspace       used 96818K, capacity 100112K, committed 101592K, reserved 1136640K
  class space    used 12373K, capacity 13135K, committed 13568K, reserved 1048576K
Event: 1375.368 GC heap after
Heap after GC invocations=35 (full 10):
 PSYoungGen      total 349696K, used 128338K [0x00000000e0000000, 0x0000000100000000, 0x0000000100000000)
  eden space 175104K, 0% used [0x00000000e0000000,0x00000000e0000000,0x00000000eab00000)
  from space 174592K, 73% used [0x00000000eab00000,0x00000000f2854880,0x00000000f5580000)
  to   space 174592K, 0% used [0x00000000f5580000,0x00000000f5580000,0x0000000100000000)
 ParOldGen       total 420864K, used 294740K [0x00000000a0000000, 0x00000000b9b00000, 0x00000000e0000000)
  object space 420864K, 70% used [0x00000000a0000000,0x00000000b1fd52d0,0x00000000b9b00000)
 Metaspace       used 96818K, capacity 100112K, committed 101592K, reserved 1136640K
  class space    used 12373K, capacity 13135K, committed 13568K, reserved 1048576K
}

